Success (1):
content 47880 _a-0000dbde-d572-8000-6ee0-010000010000_49139 "Utils_Validation_BetweenBounds"

Referenced precedents that were not exported (2):
content 1259 _a-0000d33c-c5a1-8000-7bd7-760000760000_1541
content 946 _a-0000da6a-36ed-8000-6ee0-010000010000_946

Trace:
2015-11-30 15:48:51.087 DEBUG content 47880 _a-0000dbde-d572-8000-6ee0-010000010000_49139 Begin transport.
2015-11-30 15:48:51.087 DEBUG content 47880 _a-0000dbde-d572-8000-6ee0-010000010000_49139 Retrieving object data.
2015-11-30 15:48:51.1 DEBUG content 47880 _a-0000dbde-d572-8000-6ee0-010000010000_49139 Setting uuids of object references.
2015-11-30 15:48:51.1 DEBUG content 47880 _a-0000dbde-d572-8000-6ee0-010000010000_49139 Processing reference: [Content:id=45783,versionId=-1,name=Utils_Validation_BetweenBounds,description=,type=32,subtype=1,uuid=_a-0000dbde-d572-8000-6ee0-010000010000_49139,parent=946,parentName=Utils,parentType=2,log=47880,logName=Utils_Validation_BetweenBounds,state=255,visibility=35,security=15,creator=System_Admin,createdTimestamp=2015-11-27 19:17:47.0,updatedTimestamp=2015-11-27 19:17:47.0,size=0,lockedBy=,changesRequireApproval=false,attributes={dep_rules=[Ljava.lang.Long;@24e9dbd9, system=0, preferredEditor=legacy, hidden=0, ruletype=1, dep_functions=[Ljava.lang.String;@710fdf13, definition=if(
  any(
    #"_a-0000d33c-c5a1-8000-7bd7-760000760000_1541",
    {ri!Lower, ri!Upper, ri!Value, ri!ErrorMessage}
  ),
  "Missing value.",
  if(
    or(
      ri!Value < ri!Lower,
      ri!Value > ri!Upper
    ),
    ri!ErrorMessage,
    ""
  )
), dep_types=[Ljava.lang.String;@539a9122, parameters=[Lcom.appiancorp.suiteapi.process.TypedVariable;@3edaa85e, dep_variables=[[Ljava.lang.String;@54878b4f},partition=3,partitionName=D:/Apps/Appian/_admin/accdocs3]
2015-11-30 15:48:51.102 DEBUG content 47880 _a-0000dbde-d572-8000-6ee0-010000010000_49139 Processing reference: FreeformRule.forum
2015-11-30 15:48:51.102 DEBUG content 47880 _a-0000dbde-d572-8000-6ee0-010000010000_49139 Processing reference: TypedVariable[name=Upper,it=2,v=<null>]
2015-11-30 15:48:51.103 DEBUG content 47880 _a-0000dbde-d572-8000-6ee0-010000010000_49139 Processing reference: TypedVariable[name=Lower,it=2,v=<null>]
2015-11-30 15:48:51.103 DEBUG content 47880 _a-0000dbde-d572-8000-6ee0-010000010000_49139 Processing reference: TypedVariable[name=Value,it=2,v=<null>]
2015-11-30 15:48:51.103 DEBUG content 47880 _a-0000dbde-d572-8000-6ee0-010000010000_49139 Processing reference: TypedVariable[name=ErrorMessage,it=3,v=]
2015-11-30 15:48:51.103 DEBUG content 47880 _a-0000dbde-d572-8000-6ee0-010000010000_49139 Processing reference: FreeformRule.parent
2015-11-30 15:48:51.105 DEBUG content 47880 _a-0000dbde-d572-8000-6ee0-010000010000_49139 Processing reference: com.appiancorp.suiteapi.content.ContentRoleMap@6329444e[
  ContentRole[name=readers,inherit=true,allowForAll=false]
  ContentRole[name=authors,inherit=true,allowForAll=false]
  ContentRole[name=administrators,inherit=true,allowForAll=false]
  ContentRole[name=denyReaders,inherit=false,allowForAll=false]
  ContentRole[name=denyAuthors,inherit=false,allowForAll=false]
  ContentRole[name=denyAdministrators,inherit=false,allowForAll=false]
  securityVector=15:SEC_PUBLIC=true,SEC_CREATOR_ADMIN=false,SEC_INH_ADMIN=true,SEC_INH_EDITOR=true,SEC_INH_VIEWER=true,SEC_ALL_ADMIN=false,SEC_ALL_EDITOR=false,SEC_ALL_VIEWER=false
]
2015-11-30 15:48:51.105 DEBUG content 47880 _a-0000dbde-d572-8000-6ee0-010000010000_49139 Processing reference: ContentRole[name=readers,inherit=true,allowForAll=false]
2015-11-30 15:48:51.105 DEBUG content 47880 _a-0000dbde-d572-8000-6ee0-010000010000_49139 Processing reference: ContentRole[name=authors,inherit=true,allowForAll=false]
2015-11-30 15:48:51.105 DEBUG content 47880 _a-0000dbde-d572-8000-6ee0-010000010000_49139 Processing reference: ContentRole[name=administrators,inherit=true,allowForAll=false]
2015-11-30 15:48:51.105 DEBUG content 47880 _a-0000dbde-d572-8000-6ee0-010000010000_49139 Processing reference: ContentRole[name=denyReaders,inherit=false,allowForAll=false]
2015-11-30 15:48:51.105 DEBUG content 47880 _a-0000dbde-d572-8000-6ee0-010000010000_49139 Processing reference: ContentRole[name=denyAuthors,inherit=false,allowForAll=false]
2015-11-30 15:48:51.105 DEBUG content 47880 _a-0000dbde-d572-8000-6ee0-010000010000_49139 Processing reference: ContentRole[name=denyAdministrators,inherit=false,allowForAll=false]
2015-11-30 15:48:51.105 DEBUG content 47880 _a-0000dbde-d572-8000-6ee0-010000010000_49139 Exporting binary resources.
2015-11-30 15:48:51.105 DEBUG content 47880 _a-0000dbde-d572-8000-6ee0-010000010000_49139 Serializing object to XML.
2015-11-30 15:48:51.114 DEBUG content 47880 _a-0000dbde-d572-8000-6ee0-010000010000_49139 Object transported.
